<?xml version="1.0" encoding="UTF-8"?>
<testsuite xmlns:xsi="http://www.w3.org/2001/XMLSchema-instance" xsi:noNamespaceSchemaLocation="https://maven.apache.org/surefire/maven-surefire-plugin/xsd/surefire-test-report-3.0.xsd" version="3.0" name="C20_48_t_Python_React.demo.RecetarioApplicationTests" time="8.574" tests="1" errors="0" skipped="0" failures="0">
  <properties>
[...]
</properties>
  <testcase name="contextLoads" classname="C20_48_t_Python_React.demo.RecetarioApplicationTests" time="0.357">
    <system-out><![CDATA[22:52:48.466 [main] INFO org.springframework.test.context.support.AnnotationConfigContextLoaderUtils -- Could not detect default configuration classes for test class [C20_48_t_Python_React.demo.RecetarioApplicationTests]: RecetarioApplicationTests does not declare any static, non-private, non-final, nested classes annotated with @Configuration.
22:52:48.569 [main] INFO org.springframework.boot.test.context.SpringBootTestContextBootstrapper -- Found @SpringBootConfiguration C20_48_t_Python_React.demo.RecetarioApplication for test class C20_48_t_Python_React.demo.RecetarioApplicationTests
22:52:48.721 [main] INFO org.springframework.boot.devtools.restart.RestartApplicationListener -- Restart disabled due to context in which it is running

  .   ____          _            __ _ _
 /\\ / ___'_ __ _ _(_)_ __  __ _ \ \ \ \
( ( )\___ | '_ | '_| | '_ \/ _` | \ \ \ \
 \\/  ___)| |_)| | | | | || (_| |  ) ) ) )
  '  |____| .__|_| |_|_| |_\__, | / / / /
 =========|_|==============|___/=/_/_/_/

 :: Spring Boot ::                (v3.3.3)

2024-09-14T22:52:48.966-03:00  INFO 16948 --- [Recetario] [           main] C.demo.RecetarioApplicationTests         : Starting RecetarioApplicationTests using Java 19.0.2 with PID 16948 (started by Matias0777 in C:\Users\mati_\OneDrive\Escritorio\Portafolio\C20-48-t-python-react\C20-48-t-python-react-\BackEnd)
2024-09-14T22:52:48.967-03:00  INFO 16948 --- [Recetario] [           main] C.demo.RecetarioApplicationTests         : No active profile set, falling back to 1 default profile: "default"
2024-09-14T22:52:49.861-03:00  INFO 16948 --- [Recetario] [           main] .s.d.r.c.RepositoryConfigurationDelegate : Bootstrapping Spring Data JPA repositories in DEFAULT mode.
2024-09-14T22:52:49.930-03:00  INFO 16948 --- [Recetario] [           main] .s.d.r.c.RepositoryConfigurationDelegate : Finished Spring Data repository scanning in 62 ms. Found 9 JPA repository interfaces.
2024-09-14T22:52:50.594-03:00  INFO 16948 --- [Recetario] [           main] o.hibernate.jpa.internal.util.LogHelper  : HHH000204: Processing PersistenceUnitInfo [name: default]
2024-09-14T22:52:50.651-03:00  INFO 16948 --- [Recetario] [           main] org.hibernate.Version                    : HHH000412: Hibernate ORM core version 6.5.2.Final
2024-09-14T22:52:50.686-03:00  INFO 16948 --- [Recetario] [           main] o.h.c.internal.RegionFactoryInitiator    : HHH000026: Second-level cache disabled
2024-09-14T22:52:51.000-03:00  INFO 16948 --- [Recetario] [           main] o.s.o.j.p.SpringPersistenceUnitInfo      : No LoadTimeWeaver setup: ignoring JPA class transformer
2024-09-14T22:52:51.025-03:00  INFO 16948 --- [Recetario] [           main] com.zaxxer.hikari.HikariDataSource       : HikariPool-1 - Starting...
2024-09-14T22:52:51.448-03:00  INFO 16948 --- [Recetario] [           main] com.zaxxer.hikari.pool.HikariPool        : HikariPool-1 - Added connection com.mysql.cj.jdbc.ConnectionImpl@30a62a5b
2024-09-14T22:52:51.450-03:00  INFO 16948 --- [Recetario] [           main] com.zaxxer.hikari.HikariDataSource       : HikariPool-1 - Start completed.
2024-09-14T22:52:51.470-03:00  WARN 16948 --- [Recetario] [           main] org.hibernate.orm.deprecation            : HHH90000025: MySQL8Dialect does not need to be specified explicitly using 'hibernate.dialect' (remove the property setting and it will be selected by default)
2024-09-14T22:52:51.471-03:00  WARN 16948 --- [Recetario] [           main] org.hibernate.orm.deprecation            : HHH90000026: MySQL8Dialect has been deprecated; use org.hibernate.dialect.MySQLDialect instead
2024-09-14T22:52:52.505-03:00  INFO 16948 --- [Recetario] [           main] o.h.e.t.j.p.i.JtaPlatformInitiator       : HHH000489: No JTA platform available (set 'hibernate.transaction.jta.platform' to enable JTA platform integration)
Hibernate: alter table comentarios modify column contenido TEXT not null
Hibernate: alter table pasos modify column descripcion TEXT
Hibernate: alter table recetas modify column descripcion TEXT
Hibernate: alter table recetas modify column imagen_url TEXT
Hibernate: alter table recetas modify column tips TEXT
2024-09-14T22:52:54.270-03:00  INFO 16948 --- [Recetario] [           main] j.LocalContainerEntityManagerFactoryBean : Initialized JPA EntityManagerFactory for persistence unit 'default'
2024-09-14T22:52:54.747-03:00  INFO 16948 --- [Recetario] [           main] o.s.d.j.r.query.QueryEnhancerFactory     : Hibernate is in classpath; If applicable, HQL parser will be used.
2024-09-14T22:52:55.272-03:00  INFO 16948 --- [Recetario] [           main] eAuthenticationProviderManagerConfigurer : Global AuthenticationManager configured with AuthenticationProvider bean with name authenticationProvider
2024-09-14T22:52:55.273-03:00  WARN 16948 --- [Recetario] [           main] r$InitializeUserDetailsManagerConfigurer : Global AuthenticationManager configured with an AuthenticationProvider bean. UserDetailsService beans will not be used for username/password login. Consider removing the AuthenticationProvider bean. Alternatively, consider using the UserDetailsService in a manually instantiated DaoAuthenticationProvider.
2024-09-14T22:52:55.341-03:00  WARN 16948 --- [Recetario] [           main] JpaBaseConfiguration$JpaWebConfiguration : spring.jpa.open-in-view is enabled by default. Therefore, database queries may be performed during view rendering. Explicitly configure spring.jpa.open-in-view to disable this warning
2024-09-14T22:52:55.895-03:00  INFO 16948 --- [Recetario] [           main] o.s.b.a.e.web.EndpointLinksResolver      : Exposing 1 endpoint beneath base path '/actuator'
2024-09-14T22:52:55.954-03:00 DEBUG 16948 --- [Recetario] [           main] o.s.s.web.DefaultSecurityFilterChain     : Will secure any request with filters: DisableEncodeUrlFilter, WebAsyncManagerIntegrationFilter, SecurityContextHolderFilter, HeaderWriterFilter, LogoutFilter, JwtAuthenticationFilter, RequestCacheAwareFilter, SecurityContextHolderAwareRequestFilter, AnonymousAuthenticationFilter, SessionManagementFilter, ExceptionTranslationFilter, AuthorizationFilter
2024-09-14T22:52:56.470-03:00  INFO 16948 --- [Recetario] [           main] C.demo.RecetarioApplicationTests         : Started RecetarioApplicationTests in 7.76 seconds (process running for 8.638)
]]></system-out>
  </testcase>
</testsuite>